1501707865.907787 client started (7978): version 2.5, socket /private/tmp/tmux-501/default, protocol 8
1501707865.907821 on Darwin 16.7.0 Darwin Kernel Version 16.7.0: Thu Jun 15 17:36:27 PDT 2017; root:xnu-3789.70.16~2/RELEASE_X86_64; libevent 2.1.8-stable (select)
1501707865.907859 socket is /private/tmp/tmux-501/default
1501707865.907874 trying connect
1501707865.907964 add peer 0x7f9ee0801000: 6 (0x0)
1501707865.910705 sending message 100 to peer 0x7f9ee0801000 (4 bytes)
1501707865.910725 sending message 101 to peer 0x7f9ee0801000 (16 bytes)
1501707865.910730 sending message 102 to peer 0x7f9ee0801000 (13 bytes)
1501707865.910734 sending message 108 to peer 0x7f9ee0801000 (28 bytes)
1501707865.910745 sending message 104 to peer 0x7f9ee0801000 (0 bytes)
1501707865.910749 sending message 107 to peer 0x7f9ee0801000 (4 bytes)
1501707865.910753 sending message 105 to peer 0x7f9ee0801000 (64 bytes)
1501707865.910757 sending message 105 to peer 0x7f9ee0801000 (19 bytes)
1501707865.910761 sending message 105 to peer 0x7f9ee0801000 (76 bytes)
1501707865.910765 sending message 105 to peer 0x7f9ee0801000 (11 bytes)
1501707865.910769 sending message 105 to peer 0x7f9ee0801000 (15 bytes)
1501707865.910773 sending message 105 to peer 0x7f9ee0801000 (20 bytes)
1501707865.910776 sending message 105 to peer 0x7f9ee0801000 (11 bytes)
1501707865.910780 sending message 105 to peer 0x7f9ee0801000 (46 bytes)
1501707865.910784 sending message 105 to peer 0x7f9ee0801000 (90 bytes)
1501707865.910788 sending message 105 to peer 0x7f9ee0801000 (21 bytes)
1501707865.910792 sending message 105 to peer 0x7f9ee0801000 (52 bytes)
1501707865.910796 sending message 105 to peer 0x7f9ee0801000 (22 bytes)
1501707865.910800 sending message 105 to peer 0x7f9ee0801000 (61 bytes)
1501707865.910803 sending message 105 to peer 0x7f9ee0801000 (17 bytes)
1501707865.910807 sending message 105 to peer 0x7f9ee0801000 (21 bytes)
1501707865.910811 sending message 105 to peer 0x7f9ee0801000 (8 bytes)
1501707865.910815 sending message 105 to peer 0x7f9ee0801000 (17 bytes)
1501707865.910819 sending message 105 to peer 0x7f9ee0801000 (32 bytes)
1501707865.910823 sending message 105 to peer 0x7f9ee0801000 (52 bytes)
1501707865.910826 sending message 105 to peer 0x7f9ee0801000 (35 bytes)
1501707865.910830 sending message 105 to peer 0x7f9ee0801000 (11 bytes)
1501707865.910834 sending message 105 to peer 0x7f9ee0801000 (330 bytes)
1501707865.910838 sending message 105 to peer 0x7f9ee0801000 (32 bytes)
1501707865.910842 sending message 105 to peer 0x7f9ee0801000 (24 bytes)
1501707865.910846 sending message 105 to peer 0x7f9ee0801000 (15 bytes)
1501707865.910850 sending message 105 to peer 0x7f9ee0801000 (8 bytes)
1501707865.910853 sending message 105 to peer 0x7f9ee0801000 (66 bytes)
1501707865.910857 sending message 105 to peer 0x7f9ee0801000 (21 bytes)
1501707865.910861 sending message 105 to peer 0x7f9ee0801000 (23 bytes)
1501707865.910865 sending message 105 to peer 0x7f9ee0801000 (32 bytes)
1501707865.910869 sending message 105 to peer 0x7f9ee0801000 (60 bytes)
1501707865.910873 sending message 105 to peer 0x7f9ee0801000 (57 bytes)
1501707865.910877 sending message 105 to peer 0x7f9ee0801000 (41 bytes)
1501707865.910880 sending message 105 to peer 0x7f9ee0801000 (14 bytes)
1501707865.910884 sending message 105 to peer 0x7f9ee0801000 (14 bytes)
1501707865.910893 sending message 105 to peer 0x7f9ee0801000 (11 bytes)
1501707865.910897 sending message 105 to peer 0x7f9ee0801000 (14 bytes)
1501707865.910901 sending message 105 to peer 0x7f9ee0801000 (19 bytes)
1501707865.910905 sending message 105 to peer 0x7f9ee0801000 (31 bytes)
1501707865.910909 sending message 105 to peer 0x7f9ee0801000 (22 bytes)
1501707865.910913 sending message 105 to peer 0x7f9ee0801000 (38 bytes)
1501707865.910917 sending message 105 to peer 0x7f9ee0801000 (109 bytes)
1501707865.910920 sending message 105 to peer 0x7f9ee0801000 (38 bytes)
1501707865.910924 sending message 105 to peer 0x7f9ee0801000 (30 bytes)
1501707865.910928 sending message 105 to peer 0x7f9ee0801000 (27 bytes)
1501707865.910932 sending message 105 to peer 0x7f9ee0801000 (28 bytes)
1501707865.910946 sending message 105 to peer 0x7f9ee0801000 (20 bytes)
1501707865.910950 sending message 105 to peer 0x7f9ee0801000 (17 bytes)
1501707865.910954 sending message 105 to peer 0x7f9ee0801000 (22 bytes)
1501707865.910958 sending message 105 to peer 0x7f9ee0801000 (20 bytes)
1501707865.910962 sending message 105 to peer 0x7f9ee0801000 (17 bytes)
1501707865.910965 sending message 105 to peer 0x7f9ee0801000 (15 bytes)
1501707865.910969 sending message 106 to peer 0x7f9ee0801000 (0 bytes)
1501707865.910977 sending message 200 to peer 0x7f9ee0801000 (4 bytes)
1501707865.910984 client loop enter
1501707865.911293 peer 0x7f9ee0801000 message 211
1501707865.911321 peer 0x7f9ee0801000 message 203
1501707865.911335 client loop exit
