1501707860.236889 client started (7969): version 2.5, socket /private/tmp/tmux-501/default, protocol 8
1501707860.236923 on Darwin 16.7.0 Darwin Kernel Version 16.7.0: Thu Jun 15 17:36:27 PDT 2017; root:xnu-3789.70.16~2/RELEASE_X86_64; libevent 2.1.8-stable (select)
1501707860.236962 socket is /private/tmp/tmux-501/default
1501707860.236977 trying connect
1501707860.237099 add peer 0x7fdbe9801000: 6 (0x0)
1501707860.241602 sending message 100 to peer 0x7fdbe9801000 (4 bytes)
1501707860.241616 sending message 101 to peer 0x7fdbe9801000 (16 bytes)
1501707860.241620 sending message 102 to peer 0x7fdbe9801000 (13 bytes)
1501707860.241623 sending message 108 to peer 0x7fdbe9801000 (28 bytes)
1501707860.241631 sending message 104 to peer 0x7fdbe9801000 (0 bytes)
1501707860.241634 sending message 107 to peer 0x7fdbe9801000 (4 bytes)
1501707860.241637 sending message 105 to peer 0x7fdbe9801000 (64 bytes)
1501707860.241640 sending message 105 to peer 0x7fdbe9801000 (19 bytes)
1501707860.241643 sending message 105 to peer 0x7fdbe9801000 (76 bytes)
1501707860.241646 sending message 105 to peer 0x7fdbe9801000 (11 bytes)
1501707860.241648 sending message 105 to peer 0x7fdbe9801000 (15 bytes)
1501707860.241651 sending message 105 to peer 0x7fdbe9801000 (20 bytes)
1501707860.241654 sending message 105 to peer 0x7fdbe9801000 (11 bytes)
1501707860.241657 sending message 105 to peer 0x7fdbe9801000 (46 bytes)
1501707860.241659 sending message 105 to peer 0x7fdbe9801000 (90 bytes)
1501707860.241662 sending message 105 to peer 0x7fdbe9801000 (21 bytes)
1501707860.241665 sending message 105 to peer 0x7fdbe9801000 (52 bytes)
1501707860.241668 sending message 105 to peer 0x7fdbe9801000 (22 bytes)
1501707860.241671 sending message 105 to peer 0x7fdbe9801000 (61 bytes)
1501707860.241674 sending message 105 to peer 0x7fdbe9801000 (17 bytes)
1501707860.241676 sending message 105 to peer 0x7fdbe9801000 (21 bytes)
1501707860.241679 sending message 105 to peer 0x7fdbe9801000 (8 bytes)
1501707860.241682 sending message 105 to peer 0x7fdbe9801000 (17 bytes)
1501707860.241685 sending message 105 to peer 0x7fdbe9801000 (32 bytes)
1501707860.241687 sending message 105 to peer 0x7fdbe9801000 (52 bytes)
1501707860.241690 sending message 105 to peer 0x7fdbe9801000 (35 bytes)
1501707860.241693 sending message 105 to peer 0x7fdbe9801000 (11 bytes)
1501707860.241696 sending message 105 to peer 0x7fdbe9801000 (330 bytes)
1501707860.241699 sending message 105 to peer 0x7fdbe9801000 (32 bytes)
1501707860.241701 sending message 105 to peer 0x7fdbe9801000 (24 bytes)
1501707860.241704 sending message 105 to peer 0x7fdbe9801000 (15 bytes)
1501707860.241707 sending message 105 to peer 0x7fdbe9801000 (8 bytes)
1501707860.241710 sending message 105 to peer 0x7fdbe9801000 (66 bytes)
1501707860.241713 sending message 105 to peer 0x7fdbe9801000 (21 bytes)
1501707860.241715 sending message 105 to peer 0x7fdbe9801000 (23 bytes)
1501707860.241718 sending message 105 to peer 0x7fdbe9801000 (32 bytes)
1501707860.241721 sending message 105 to peer 0x7fdbe9801000 (60 bytes)
1501707860.241724 sending message 105 to peer 0x7fdbe9801000 (57 bytes)
1501707860.241726 sending message 105 to peer 0x7fdbe9801000 (41 bytes)
1501707860.241729 sending message 105 to peer 0x7fdbe9801000 (14 bytes)
1501707860.241732 sending message 105 to peer 0x7fdbe9801000 (14 bytes)
1501707860.241735 sending message 105 to peer 0x7fdbe9801000 (11 bytes)
1501707860.241738 sending message 105 to peer 0x7fdbe9801000 (14 bytes)
1501707860.241740 sending message 105 to peer 0x7fdbe9801000 (19 bytes)
1501707860.241743 sending message 105 to peer 0x7fdbe9801000 (31 bytes)
1501707860.241746 sending message 105 to peer 0x7fdbe9801000 (22 bytes)
1501707860.241749 sending message 105 to peer 0x7fdbe9801000 (38 bytes)
1501707860.241752 sending message 105 to peer 0x7fdbe9801000 (109 bytes)
1501707860.241754 sending message 105 to peer 0x7fdbe9801000 (38 bytes)
1501707860.241757 sending message 105 to peer 0x7fdbe9801000 (30 bytes)
1501707860.241760 sending message 105 to peer 0x7fdbe9801000 (27 bytes)
1501707860.241763 sending message 105 to peer 0x7fdbe9801000 (28 bytes)
1501707860.241773 sending message 105 to peer 0x7fdbe9801000 (20 bytes)
1501707860.241776 sending message 105 to peer 0x7fdbe9801000 (17 bytes)
1501707860.241779 sending message 105 to peer 0x7fdbe9801000 (22 bytes)
1501707860.241782 sending message 105 to peer 0x7fdbe9801000 (20 bytes)
1501707860.241785 sending message 105 to peer 0x7fdbe9801000 (17 bytes)
1501707860.241787 sending message 105 to peer 0x7fdbe9801000 (15 bytes)
1501707860.241790 sending message 106 to peer 0x7fdbe9801000 (0 bytes)
1501707860.241797 sending message 200 to peer 0x7fdbe9801000 (4 bytes)
1501707860.241802 client loop enter
1501707860.242061 peer 0x7fdbe9801000 message 211
1501707860.242079 peer 0x7fdbe9801000 message 203
1501707860.242094 client loop exit
